<?xml version="1.0" encoding="UTF-8"?>
<!-- Generated by org.testng.reporters.JUnitReportReporter -->
<testsuite hostname="Manujayarm" failures="0" tests="1" name="com.crm.comcast.contacts_1.TC_31_CreateContactTest" time="126.616" errors="0" timestamp="2021-05-27T23:24:34 IST" skipped="0">
  <testcase classname="com.crm.comcast.contacts_1.TC_31_CreateContactTest" name="createContact" time="126.616"/>
  <system-out/>
</testsuite> <!-- com.crm.comcast.contacts_1.TC_31_CreateContactTest -->
