<?xml version="1.0" encoding="UTF-8"?>
<!-- Generated by org.testng.reporters.JUnitReportReporter -->
<testsuite skipped="0" hostname="Manujayarm" name="com.crm.comcast.contacts_2.CreateContactsTest" tests="1" failures="0" timestamp="2021-06-02T15:00:19 IST" time="35.695" errors="0">
  <testcase name="createContact" time="35.695" classname="com.crm.comcast.contacts_2.CreateContactsTest"/>
  <system-out/>
</testsuite> <!-- com.crm.comcast.contacts_2.CreateContactsTest -->
