<?xml version="1.0" encoding="UTF-8"?>
<!-- Generated by org.testng.reporters.JUnitReportReporter -->
<testsuite hostname="Manujayarm" failures="0" tests="1" name="com.crm.comcast.contacts_2.CreateContacts" time="15.443" errors="0" timestamp="2021-05-31T21:14:32 IST" skipped="0">
  <testcase classname="com.crm.comcast.contacts_2.CreateContacts" name="createContactTest" time="15.443"/>
  <system-out/>
</testsuite> <!-- com.crm.comcast.contacts_2.CreateContacts -->
