<?xml version="1.0" encoding="UTF-8"?>
<!-- Generated by org.testng.reporters.JUnitReportReporter -->
<testsuite hostname="Manujayarm" failures="0" tests="1" name="com.crm.comcast.contacts_1.CreateContactTest" time="29.791" errors="0" timestamp="2021-05-27T12:42:08 IST" skipped="0">
  <testcase classname="com.crm.comcast.contacts_1.CreateContactTest" name="createContact" time="29.791"/>
  <system-out/>
</testsuite> <!-- com.crm.comcast.contacts_1.CreateContactTest -->
