<?xml version="1.0" encoding="UTF-8"?>
<!-- Generated by org.testng.reporters.JUnitReportReporter -->
<testsuite hostname="Manujayarm" failures="0" tests="4" name="com.crm.comcast.contacts_1.TC_32_Save_Button_enable_r_not" time="506.270" errors="0" timestamp="2021-05-27T23:24:34 IST" skipped="0">
  <testcase classname="com.crm.comcast.contacts_1.TC_32_Save_Button_enable_r_not" name="saveButtonEnbale" time="126.879"/>
  <system-out/>
  <testcase classname="com.crm.comcast.contacts_1.TC_32_Save_Button_enable_r_not" name="saveButtonEnbale" time="124.834"/>
  <system-out/>
  <testcase classname="com.crm.comcast.contacts_1.TC_32_Save_Button_enable_r_not" name="saveButtonEnbale" time="128.627"/>
  <system-out/>
  <testcase classname="com.crm.comcast.contacts_1.TC_32_Save_Button_enable_r_not" name="saveButtonEnbale" time="125.930"/>
  <system-out/>
</testsuite> <!-- com.crm.comcast.contacts_1.TC_32_Save_Button_enable_r_not -->
