<?xml version="1.0" encoding="UTF-8"?>
<!-- Generated by org.testng.reporters.JUnitReportReporter -->
<testsuite hostname="Manujayarm" failures="0" tests="1" name="com.crm.comcast.contacts_2.CreateMailMergeTemplateTest" time="17.111" errors="0" timestamp="2021-06-01T09:42:25 IST" skipped="0">
  <testcase classname="com.crm.comcast.contacts_2.CreateMailMergeTemplateTest" name="MailMergeTemplate" time="17.111"/>
  <system-out/>
</testsuite> <!-- com.crm.comcast.contacts_2.CreateMailMergeTemplateTest -->
