<?xml version="1.0" encoding="UTF-8"?>
<!-- Generated by org.testng.reporters.JUnitReportReporter -->
<testsuite hostname="Manujayarm" failures="0" tests="1" name="com.crm.comcast.contacts_1.TC_34_CreateMailMergeTemplateWithOrganition" time="18.242" errors="0" timestamp="2021-05-27T23:00:26 IST" skipped="0">
  <testcase classname="com.crm.comcast.contacts_1.TC_34_CreateMailMergeTemplateWithOrganition" name="createMergeMailTemplate" time="18.242"/>
  <system-out/>
</testsuite> <!-- com.crm.comcast.contacts_1.TC_34_CreateMailMergeTemplateWithOrganition -->
