<?xml version="1.0" encoding="UTF-8"?>
<!-- Generated by org.testng.reporters.JUnitReportReporter -->
<testsuite hostname="Manujayarm" failures="0" tests="1" name="com.crm.comcast.contacts_1.TC_35_MailMergeTemplateWithOrganization" time="19.065" errors="0" timestamp="2021-05-27T23:04:31 IST" skipped="0">
  <testcase classname="com.crm.comcast.contacts_1.TC_35_MailMergeTemplateWithOrganization" name="mailMergeTemplate" time="19.065"/>
  <system-out/>
</testsuite> <!-- com.crm.comcast.contacts_1.TC_35_MailMergeTemplateWithOrganization -->
